<?xml version="1.0" encoding="UTF-8"?>
<!-- Generated by org.testng.reporters.JUnitReportReporter -->
<testsuite hostname="DESKTOP-FVJQ76B" failures="0" tests="1" name="testrunner.DP1CucumberTest" time="215.871" errors="0" timestamp="2024-12-05T18:49:19 IST" skipped="0">
  <testcase classname="testrunner.DP1CucumberTest" name="runScenario" time="215.871"/>
</testsuite> <!-- testrunner.DP1CucumberTest -->
