<?xml version="1.0" encoding="UTF-8"?>
<!-- Generated by org.testng.reporters.JUnitReportReporter -->
<testsuite hostname="DESKTOP-FVJQ76B" failures="0" tests="1" name="testrunner.DP2CucumberTest" time="28.604" errors="0" timestamp="2024-12-05T18:49:53 IST" skipped="0">
  <testcase classname="testrunner.DP2CucumberTest" name="runScenario" time="28.604"/>
</testsuite> <!-- testrunner.DP2CucumberTest -->
