<?xml version="1.0" encoding="UTF-8"?>
<!-- Generated by org.testng.reporters.JUnitReportReporter -->
<testsuite hostname="DESKTOP-FVJQ76B" failures="0" tests="2" name="testrunner.CoreProductCucumberTest" time="154.147" errors="0" timestamp="2024-12-05T18:45:37 IST" skipped="0">
  <testcase classname="testrunner.CoreProductCucumberTest" name="runScenario" time="16.137"/>
  <testcase classname="testrunner.CoreProductCucumberTest" name="runScenario" time="138.010"/>
</testsuite> <!-- testrunner.CoreProductCucumberTest -->
